Arguments: 
  /usr/local/bin/node /usr/local/bin/yarn test

PATH: 
  /Users/bjorgvinjulius/opt/anaconda3/bin:/Users/bjorgvinjulius/opt/anaconda3/condabin:/usr/local/bin: /opt/local/bin:/opt/local/sbin:/Libary/Frameworks/Python.framework/Versions/3.8/bin:/usr/local/bin:/usr/bin:/bin:/usr/sbin:/sbin:/Library/Apple/usr/bin

Yarn version: 
  1.22.17

Node version: 
  16.13.2

Platform: 
  darwin x64

Trace: 
  SyntaxError: /Users/bjorgvinjulius/Desktop/skoli2022-0/vefforritun/v2/package.json: Unexpected token : in JSON at position 196
      at JSON.parse (<anonymous>)
      at /usr/local/lib/node_modules/yarn/lib/cli.js:1625:59
      at Generator.next (<anonymous>)
      at step (/usr/local/lib/node_modules/yarn/lib/cli.js:310:30)
      at /usr/local/lib/node_modules/yarn/lib/cli.js:321:13

npm manifest: 
  {
      "name": "verkefni-2",
      "version": "1.0.0",
      "description": "",
      "type": "module",
      "main": "app.js",
      "scripts": {
          "start": "node ./src/app.js",
          "test": "test": "echo \"Error: no test specified\" && exit 1"
      },
      "keywords": [],
      "author": "",
      "license": "ISC",
      "devDependencies": {
          "browser-sync": "^2.27.7",
          "concurrently": "^7.0.0",
          "eslint": "^8.7.0",
          "eslint-config-airbnb-base": "^15.0.0",
          "eslint-config-prettier": "^8.3.0",
          "eslint-plugin-import": "^2.25.4",
          "jest": "^27.4.7",
          "prettier": "^2.5.1",
          "stylelint": "^14.3.0",
          "stylelint-config-sass-guidelines": "^9.0.1",
          "stylelint-config-standard": "^24.0.0"
      },
      "dependencies": {
          "cpy-cli": "^3.1.1",
          "dotenv": "^14.3.2",
          "express": "^4.17.2",
          "gray-matter": "^4.0.3",
          "marked": "^4.0.10"
      }
  }

yarn manifest: 
  No manifest

Lockfile: 
  No lockfile
